<?xml version="1.0" encoding="UTF-8"?>
<testsuite name="smpl.ordering.controllers.CatalogControllerTest" tests="5" skipped="0" failures="0" errors="0" timestamp="2017-01-06T17:17:59" hostname="jenkins-0-jenkinscheftest" time="0.01">
  <properties/>
  <testcase name="testAddCatalogItem" classname="smpl.ordering.controllers.CatalogControllerTest" time="0.0"/>
  <testcase name="testRemoveCatalogItem" classname="smpl.ordering.controllers.CatalogControllerTest" time="0.001"/>
  <testcase name="testGetCatalogItems" classname="smpl.ordering.controllers.CatalogControllerTest" time="0.0"/>
  <testcase name="testGetCatalogItem" classname="smpl.ordering.controllers.CatalogControllerTest" time="0.001"/>
  <testcase name="testUpsertCatalogItem" classname="smpl.ordering.controllers.CatalogControllerTest" time="0.001"/>
  <system-out><![CDATA[17:17:59.856 [Test worker] DEBUG o.s.b.f.s.DefaultListableBeanFactory - Returning cached instance of singleton bean 'mongoTemplate'
17:17:59.856 [Test worker] DEBUG o.s.b.f.s.DefaultListableBeanFactory - Returning cached instance of singleton bean 'mongoTemplate'
17:17:59.857 [Test worker] DEBUG o.s.b.f.s.DefaultListableBeanFactory - Returning cached instance of singleton bean 'mongoTemplate'
17:17:59.864 [Test worker] DEBUG o.s.b.f.s.DefaultListableBeanFactory - Returning cached instance of singleton bean 'mongoTemplate'
17:17:59.866 [Test worker] DEBUG o.s.b.f.s.DefaultListableBeanFactory - Returning cached instance of singleton bean 'mongoTemplate'
]]></system-out>
  <system-err><![CDATA[]]></system-err>
</testsuite>
