<?xml version="1.0" encoding="UTF-8"?>
<testsuite name="smpl.ordering.controllers.QuoteControllerTest" tests="5" skipped="0" failures="0" errors="0" timestamp="2017-01-06T17:17:59" hostname="jenkins-0-jenkinscheftest" time="0.012">
  <properties/>
  <testcase name="testDeleteQuote" classname="smpl.ordering.controllers.QuoteControllerTest" time="0.0"/>
  <testcase name="testUpdateQuote" classname="smpl.ordering.controllers.QuoteControllerTest" time="0.0"/>
  <testcase name="testCreateQuote" classname="smpl.ordering.controllers.QuoteControllerTest" time="0.001"/>
  <testcase name="testGetQuoteById" classname="smpl.ordering.controllers.QuoteControllerTest" time="0.004"/>
  <testcase name="testGetQuotesByCustomerName" classname="smpl.ordering.controllers.QuoteControllerTest" time="0.001"/>
  <system-out><![CDATA[17:17:59.577 [Test worker] DEBUG o.s.b.f.s.DefaultListableBeanFactory - Returning cached instance of singleton bean 'mongoTemplate'
17:17:59.578 [Test worker] DEBUG o.s.b.f.s.DefaultListableBeanFactory - Returning cached instance of singleton bean 'mongoTemplate'
17:17:59.579 [Test worker] DEBUG o.s.b.f.s.DefaultListableBeanFactory - Returning cached instance of singleton bean 'mongoTemplate'
17:17:59.588 [Test worker] DEBUG o.s.b.f.s.DefaultListableBeanFactory - Returning cached instance of singleton bean 'mongoTemplate'
17:17:59.589 [Test worker] DEBUG o.s.b.f.s.DefaultListableBeanFactory - Returning cached instance of singleton bean 'mongoTemplate'
]]></system-out>
  <system-err><![CDATA[]]></system-err>
</testsuite>
