<?xml version="1.0" encoding="UTF-8"?>
<testsuite name="smpl.ordering.repositories.mock.test.MockDealersRepositoryTest" tests="4" skipped="0" failures="0" errors="0" timestamp="2017-01-06T17:17:59" hostname="jenkins-0-jenkinscheftest" time="0.004">
  <properties/>
  <testcase name="testUpsertDealer" classname="smpl.ordering.repositories.mock.test.MockDealersRepositoryTest" time="0.002"/>
  <testcase name="testRemoveDealer" classname="smpl.ordering.repositories.mock.test.MockDealersRepositoryTest" time="0.0"/>
  <testcase name="testGetDealer" classname="smpl.ordering.repositories.mock.test.MockDealersRepositoryTest" time="0.0"/>
  <testcase name="testGetDealers" classname="smpl.ordering.repositories.mock.test.MockDealersRepositoryTest" time="0.001"/>
  <system-out><![CDATA[17:17:59.890 [Test worker] DEBUG o.s.b.f.s.DefaultListableBeanFactory - Returning cached instance of singleton bean 'mongoTemplate'
17:17:59.893 [Test worker] DEBUG o.s.b.f.s.DefaultListableBeanFactory - Returning cached instance of singleton bean 'mongoTemplate'
17:17:59.893 [Test worker] DEBUG o.s.b.f.s.DefaultListableBeanFactory - Returning cached instance of singleton bean 'mongoTemplate'
17:17:59.894 [Test worker] DEBUG o.s.b.f.s.DefaultListableBeanFactory - Returning cached instance of singleton bean 'mongoTemplate'
]]></system-out>
  <system-err><![CDATA[]]></system-err>
</testsuite>
