<?xml version="1.0" encoding="UTF-8"?>
<testsuite name="smpl.ordering.repositories.mock.test.MockQuoteRepositoryTest" tests="5" skipped="0" failures="0" errors="0" timestamp="2017-01-06T17:17:59" hostname="jenkins-0-jenkinscheftest" time="0.018">
  <properties/>
  <testcase name="testGetQuote" classname="smpl.ordering.repositories.mock.test.MockQuoteRepositoryTest" time="0.008"/>
  <testcase name="testUpdateQuote" classname="smpl.ordering.repositories.mock.test.MockQuoteRepositoryTest" time="0.0"/>
  <testcase name="testCreateQuote" classname="smpl.ordering.repositories.mock.test.MockQuoteRepositoryTest" time="0.001"/>
  <testcase name="testRemoveQuote" classname="smpl.ordering.repositories.mock.test.MockQuoteRepositoryTest" time="0.0"/>
  <testcase name="testGetQuotesByCustomerName" classname="smpl.ordering.repositories.mock.test.MockQuoteRepositoryTest" time="0.0"/>
  <system-out><![CDATA[17:17:59.964 [Test worker] DEBUG o.s.b.f.s.DefaultListableBeanFactory - Returning cached instance of singleton bean 'mongoTemplate'
17:17:59.966 [Test worker] DEBUG o.s.b.f.s.DefaultListableBeanFactory - Returning cached instance of singleton bean 'mongoTemplate'
17:17:59.972 [Test worker] DEBUG o.s.b.f.s.DefaultListableBeanFactory - Returning cached instance of singleton bean 'mongoTemplate'
17:17:59.973 [Test worker] DEBUG o.s.b.f.s.DefaultListableBeanFactory - Returning cached instance of singleton bean 'mongoTemplate'
17:17:59.974 [Test worker] DEBUG o.s.b.f.s.DefaultListableBeanFactory - Returning cached instance of singleton bean 'mongoTemplate'
]]></system-out>
  <system-err><![CDATA[]]></system-err>
</testsuite>
