<?xml version="1.0" encoding="UTF-8"?>
<testsuite name="smpl.ordering.controllers.DealerControllerTest" tests="5" skipped="0" failures="0" errors="0" timestamp="2017-01-06T17:17:59" hostname="jenkins-0-jenkinscheftest" time="0.231">
  <properties/>
  <testcase name="testUpdateDealer" classname="smpl.ordering.controllers.DealerControllerTest" time="0.001"/>
  <testcase name="testRemoveDealer" classname="smpl.ordering.controllers.DealerControllerTest" time="0.128"/>
  <testcase name="testAddDealer" classname="smpl.ordering.controllers.DealerControllerTest" time="0.0"/>
  <testcase name="testGetDealer" classname="smpl.ordering.controllers.DealerControllerTest" time="0.001"/>
  <testcase name="testGetDealers" classname="smpl.ordering.controllers.DealerControllerTest" time="0.099"/>
  <system-out><![CDATA[17:17:59.591 [Test worker] DEBUG o.s.b.f.s.DefaultListableBeanFactory - Returning cached instance of singleton bean 'mongoTemplate'
17:17:59.593 [Test worker] DEBUG o.s.b.f.s.DefaultListableBeanFactory - Returning cached instance of singleton bean 'mongoTemplate'
17:17:59.722 [Test worker] DEBUG o.s.b.f.s.DefaultListableBeanFactory - Returning cached instance of singleton bean 'mongoTemplate'
17:17:59.723 [Test worker] DEBUG o.s.b.f.s.DefaultListableBeanFactory - Returning cached instance of singleton bean 'mongoTemplate'
17:17:59.723 [Test worker] DEBUG o.s.b.f.s.DefaultListableBeanFactory - Returning cached instance of singleton bean 'mongoTemplate'
]]></system-out>
  <system-err><![CDATA[]]></system-err>
</testsuite>
