<?xml version="1.0" encoding="UTF-8"?>
<testsuite name="smpl.ordering.repositories.mock.test.MockCatalogItemsRepositoryTest" tests="4" skipped="0" failures="0" errors="0" timestamp="2017-01-06T17:17:59" hostname="jenkins-0-jenkinscheftest" time="0.004">
  <properties/>
  <testcase name="testRemoveCatalogItem" classname="smpl.ordering.repositories.mock.test.MockCatalogItemsRepositoryTest" time="0.0"/>
  <testcase name="testGetCatalogItems" classname="smpl.ordering.repositories.mock.test.MockCatalogItemsRepositoryTest" time="0.001"/>
  <testcase name="testGetCatalogItem" classname="smpl.ordering.repositories.mock.test.MockCatalogItemsRepositoryTest" time="0.0"/>
  <testcase name="testUpsertCatalogItem" classname="smpl.ordering.repositories.mock.test.MockCatalogItemsRepositoryTest" time="0.001"/>
  <system-out><![CDATA[17:17:59.948 [Test worker] DEBUG o.s.b.f.s.DefaultListableBeanFactory - Returning cached instance of singleton bean 'mongoTemplate'
17:17:59.949 [Test worker] DEBUG o.s.b.f.s.DefaultListableBeanFactory - Returning cached instance of singleton bean 'mongoTemplate'
17:17:59.951 [Test worker] DEBUG o.s.b.f.s.DefaultListableBeanFactory - Returning cached instance of singleton bean 'mongoTemplate'
17:17:59.951 [Test worker] DEBUG o.s.b.f.s.DefaultListableBeanFactory - Returning cached instance of singleton bean 'mongoTemplate'
]]></system-out>
  <system-err><![CDATA[]]></system-err>
</testsuite>
