<?xml version="1.0" encoding="UTF-8"?>
<testsuite name="smpl.ordering.repositories.mock.test.MockOrderRepositoryTest" tests="8" skipped="0" failures="0" errors="0" timestamp="2017-01-06T17:17:59" hostname="jenkins-0-jenkinscheftest" time="0.042">
  <properties/>
  <testcase name="testGetOrder" classname="smpl.ordering.repositories.mock.test.MockOrderRepositoryTest" time="0.007"/>
  <testcase name="testGetOrdersByDealerName" classname="smpl.ordering.repositories.mock.test.MockOrderRepositoryTest" time="0.006"/>
  <testcase name="testUpdateOrder" classname="smpl.ordering.repositories.mock.test.MockOrderRepositoryTest" time="0.003"/>
  <testcase name="testCreateOrder" classname="smpl.ordering.repositories.mock.test.MockOrderRepositoryTest" time="0.001"/>
  <testcase name="testUpdateOrder1" classname="smpl.ordering.repositories.mock.test.MockOrderRepositoryTest" time="0.0"/>
  <testcase name="testGetOrdersByStatus" classname="smpl.ordering.repositories.mock.test.MockOrderRepositoryTest" time="0.0"/>
  <testcase name="testGetOrdersByQuoteId" classname="smpl.ordering.repositories.mock.test.MockOrderRepositoryTest" time="0.0"/>
  <testcase name="testHasOrder" classname="smpl.ordering.repositories.mock.test.MockOrderRepositoryTest" time="0.0"/>
  <system-out><![CDATA[17:17:59.981 [Test worker] DEBUG o.s.b.f.s.DefaultListableBeanFactory - Returning cached instance of singleton bean 'mongoTemplate'
17:17:59.992 [Test worker] DEBUG o.s.b.f.s.DefaultListableBeanFactory - Returning cached instance of singleton bean 'mongoTemplate'
17:17:59.994 [Test worker] DEBUG o.s.b.f.s.DefaultListableBeanFactory - Returning cached instance of singleton bean 'mongoTemplate'
17:18:00.000 [Test worker] DEBUG o.s.b.f.s.DefaultListableBeanFactory - Returning cached instance of singleton bean 'mongoTemplate'
17:18:00.005 [Test worker] DEBUG o.s.b.f.s.DefaultListableBeanFactory - Returning cached instance of singleton bean 'mongoTemplate'
17:18:00.006 [Test worker] DEBUG o.s.b.f.s.DefaultListableBeanFactory - Returning cached instance of singleton bean 'mongoTemplate'
17:18:00.010 [Test worker] DEBUG o.s.b.f.s.DefaultListableBeanFactory - Returning cached instance of singleton bean 'mongoTemplate'
17:18:00.019 [Test worker] DEBUG o.s.b.f.s.DefaultListableBeanFactory - Returning cached instance of singleton bean 'mongoTemplate'
]]></system-out>
  <system-err><![CDATA[]]></system-err>
</testsuite>
