<?xml version="1.0" encoding="UTF-8"?>
<testsuite name="smpl.ordering.controllers.ShipmentControllerTest" tests="5" skipped="0" failures="0" errors="0" timestamp="2017-01-06T17:17:59" hostname="jenkins-0-jenkinscheftest" time="0.019">
  <properties/>
  <testcase name="testGetShipmentsByStatus" classname="smpl.ordering.controllers.ShipmentControllerTest" time="0.003"/>
  <testcase name="testUpdateShipment" classname="smpl.ordering.controllers.ShipmentControllerTest" time="0.001"/>
  <testcase name="testCreateShipment" classname="smpl.ordering.controllers.ShipmentControllerTest" time="0.0"/>
  <testcase name="testGetAllShipments" classname="smpl.ordering.controllers.ShipmentControllerTest" time="0.003"/>
  <testcase name="testAddEventToShipment" classname="smpl.ordering.controllers.ShipmentControllerTest" time="0.001"/>
  <system-out><![CDATA[17:17:59.828 [Test worker] DEBUG o.s.b.f.s.DefaultListableBeanFactory - Returning cached instance of singleton bean 'mongoTemplate'
17:17:59.840 [Test worker] DEBUG o.s.b.f.s.DefaultListableBeanFactory - Returning cached instance of singleton bean 'mongoTemplate'
17:17:59.841 [Test worker] DEBUG o.s.b.f.s.DefaultListableBeanFactory - Returning cached instance of singleton bean 'mongoTemplate'
17:17:59.845 [Test worker] DEBUG o.s.b.f.s.DefaultListableBeanFactory - Returning cached instance of singleton bean 'mongoTemplate'
17:17:59.846 [Test worker] DEBUG o.s.b.f.s.DefaultListableBeanFactory - Returning cached instance of singleton bean 'mongoTemplate'
]]></system-out>
  <system-err><![CDATA[]]></system-err>
</testsuite>
